Determining if the pthread_create exist failed with the following output:
Change Dir: /home/pi/catkin_ws/build/CMakeFiles/CMakeTmp

Run Build Command:"/usr/bin/make" "cmTC_b8014/fast"
/usr/bin/make -f CMakeFiles/cmTC_b8014.dir/build.make CMakeFiles/cmTC_b8014.dir/build
make[1]: Entering directory '/home/pi/catkin_ws/build/CMakeFiles/CMakeTmp'
Building C object CMakeFiles/cmTC_b8014.dir/CheckSymbolExists.c.o
/usr/bin/cc     -o CMakeFiles/cmTC_b8014.dir/CheckSymbolExists.c.o   -c /home/pi/catkin_ws/build/CMakeFiles/CMakeTmp/CheckSymbolExists.c
Linking C executable cmTC_b8014
/usr/bin/cmake -E cmake_link_script CMakeFiles/cmTC_b8014.dir/link.txt --verbose=1
/usr/bin/cc       CMakeFiles/cmTC_b8014.dir/CheckSymbolExists.c.o  -o cmTC_b8014 -rdynamic 
CMakeFiles/cmTC_b8014.dir/CheckSymbolExists.c.o: In function `main':
CheckSymbolExists.c:(.text+0x38): undefined reference to `pthread_create'
collect2: error: ld returned 1 exit status
CMakeFiles/cmTC_b8014.dir/build.make:97: recipe for target 'cmTC_b8014' failed
make[1]: *** [cmTC_b8014] Error 1
make[1]: Leaving directory '/home/pi/catkin_ws/build/CMakeFiles/CMakeTmp'
Makefile:126: recipe for target 'cmTC_b8014/fast' failed
make: *** [cmTC_b8014/fast] Error 2

File /home/pi/catkin_ws/build/CMakeFiles/CMakeTmp/CheckSymbolExists.c:
/* */
#include <pthread.h>

int main(int argc, char** argv)
{
  (void)argv;
#ifndef pthread_create
  return ((int*)(&pthread_create))[argc];
#else
  (void)argc;
  return 0;
#endif
}

Determining if the function pthread_create exists in the pthreads failed with the following output:
Change Dir: /home/pi/catkin_ws/build/CMakeFiles/CMakeTmp

Run Build Command:"/usr/bin/make" "cmTC_abe6f/fast"
/usr/bin/make -f CMakeFiles/cmTC_abe6f.dir/build.make CMakeFiles/cmTC_abe6f.dir/build
make[1]: Entering directory '/home/pi/catkin_ws/build/CMakeFiles/CMakeTmp'
Building C object CMakeFiles/cmTC_abe6f.dir/CheckFunctionExists.c.o
/usr/bin/cc    -DCHECK_FUNCTION_EXISTS=pthread_create   -o CMakeFiles/cmTC_abe6f.dir/CheckFunctionExists.c.o   -c /usr/share/cmake-3.6/Modules/CheckFunctionExists.c
Linking C executable cmTC_abe6f
/usr/bin/cmake -E cmake_link_script CMakeFiles/cmTC_abe6f.dir/link.txt --verbose=1
/usr/bin/cc   -DCHECK_FUNCTION_EXISTS=pthread_create    CMakeFiles/cmTC_abe6f.dir/CheckFunctionExists.c.o  -o cmTC_abe6f -rdynamic -lpthreads 
/usr/bin/ld: cannot find -lpthreads
collect2: error: ld returned 1 exit status
CMakeFiles/cmTC_abe6f.dir/build.make:97: recipe for target 'cmTC_abe6f' failed
make[1]: *** [cmTC_abe6f] Error 1
make[1]: Leaving directory '/home/pi/catkin_ws/build/CMakeFiles/CMakeTmp'
Makefile:126: recipe for target 'cmTC_abe6f/fast' failed
make: *** [cmTC_abe6f/fast] Error 2


